2026-01-25 17:11:33 - mcp-rag - ERROR - cli.py:91 - Error: Test error
Traceback (most recent call last):
  File "/home/runner/work/mcp-agent-rag/mcp-agent-rag/src/mcp_agent_rag/cli.py", line 84, in main
    handle_database_command(args, config, logger)
  File "/home/runner/work/mcp-agent-rag/mcp-agent-rag/src/mcp_agent_rag/cli.py", line 98, in handle_database_command
    db_manager = DatabaseManager(config)
                 ^^^^^^^^^^^^^^^^^^^^^^^
  File "/usr/lib/python3.12/unittest/mock.py", line 1134, in __call__
    return self._mock_call(*args, **kwargs)
           ^^^^^^^^^^^^^^^^^^^^^^^^^^^^^^^^
  File "/usr/lib/python3.12/unittest/mock.py", line 1138, in _mock_call
    return self._execute_mock_call(*args, **kwargs)
           ^^^^^^^^^^^^^^^^^^^^^^^^^^^^^^^^^^^^^^^^
  File "/usr/lib/python3.12/unittest/mock.py", line 1193, in _execute_mock_call
    raise effect
Exception: Test error
